2017-03-28 21:19:01,920 ERROR 6452 nodejs.unhandledExceptionError: read ECONNRESET
    at exports._errnoException (util.js:1022:11)
    at TCP.onread (net.js:569:26)
code: 'ECONNRESET'
errno: 'ECONNRESET'
syscall: 'read'
name: 'unhandledExceptionError'
pid: 6452
hostname: yf021

2017-03-28 21:19:01,922 ERROR 6452 nodejs.ECONNRESETError: read ECONNRESET
    at exports._errnoException (util.js:1022:11)
    at TCP.onread (net.js:569:26)
code: 'ECONNRESET'
errno: 'ECONNRESET'
syscall: 'read'
name: 'ECONNRESETError'
pid: 6452
hostname: yf021

2017-03-28 21:25:23,094 ERROR 6452 nodejs.unhandledExceptionError: read ECONNRESET
    at exports._errnoException (util.js:1022:11)
    at TCP.onread (net.js:569:26)
code: 'ECONNRESET'
errno: 'ECONNRESET'
syscall: 'read'
name: 'unhandledExceptionError'
pid: 6452
hostname: yf021

2017-03-28 21:25:23,095 ERROR 6452 nodejs.ECONNRESETError: read ECONNRESET
    at exports._errnoException (util.js:1022:11)
    at TCP.onread (net.js:569:26)
code: 'ECONNRESET'
errno: 'ECONNRESET'
syscall: 'read'
name: 'ECONNRESETError'
pid: 6452
hostname: yf021

2017-03-28 21:44:37,847 ERROR 3204 nodejs.unhandledExceptionError: read ECONNRESET
    at exports._errnoException (util.js:1022:11)
    at TCP.onread (net.js:569:26)
code: 'ECONNRESET'
errno: 'ECONNRESET'
syscall: 'read'
name: 'unhandledExceptionError'
pid: 3204
hostname: yf021

2017-03-28 21:44:37,853 ERROR 3204 nodejs.ECONNRESETError: read ECONNRESET
    at exports._errnoException (util.js:1022:11)
    at TCP.onread (net.js:569:26)
code: 'ECONNRESET'
errno: 'ECONNRESET'
syscall: 'read'
name: 'ECONNRESETError'
pid: 3204
hostname: yf021

2017-03-28 21:44:42,946 ERROR 5028 [-/127.0.0.1/-/20ms GET /news] nodejs.TypeError: Cannot read property 'list' of undefined
    at NewsController.list (D:\nodejs\egg-example\app\controller\news.js:8:41)
    at next (native)
    at onFulfilled (D:\nodejs\egg-example\node_modules\co\index.js:65:19)
    at D:\nodejs\egg-example\node_modules\co\index.js:54:5
    at Object.co (D:\nodejs\egg-example\node_modules\co\index.js:50:10)
    at Object.toPromise (D:\nodejs\egg-example\node_modules\co\index.js:118:63)
    at next (D:\nodejs\egg-example\node_modules\co\index.js:99:29)
    at onFulfilled (D:\nodejs\egg-example\node_modules\co\index.js:69:7)
    at D:\nodejs\egg-example\node_modules\co\index.js:54:5
    at Object.co (D:\nodejs\egg-example\node_modules\co\index.js:50:10)

pid: 5028
hostname: yf021

2017-03-28 21:46:29,543 ERROR 3204 nodejs.unhandledExceptionError: read ECONNRESET
    at exports._errnoException (util.js:1022:11)
    at TCP.onread (net.js:569:26)
code: 'ECONNRESET'
errno: 'ECONNRESET'
syscall: 'read'
name: 'unhandledExceptionError'
pid: 3204
hostname: yf021

2017-03-28 21:46:29,545 ERROR 3204 nodejs.ECONNRESETError: read ECONNRESET
    at exports._errnoException (util.js:1022:11)
    at TCP.onread (net.js:569:26)
code: 'ECONNRESET'
errno: 'ECONNRESET'
syscall: 'read'
name: 'ECONNRESETError'
pid: 3204
hostname: yf021

2017-03-28 21:46:31,806 ERROR 5248 [-/127.0.0.1/-/11ms GET /news] nodejs.TypeError: Cannot read property 'list' of undefined
    at NewsController.list (D:\nodejs\egg-example\app\controller\news.js:8:41)
    at next (native)
    at onFulfilled (D:\nodejs\egg-example\node_modules\co\index.js:65:19)
    at D:\nodejs\egg-example\node_modules\co\index.js:54:5
    at Object.co (D:\nodejs\egg-example\node_modules\co\index.js:50:10)
    at Object.toPromise (D:\nodejs\egg-example\node_modules\co\index.js:118:63)
    at next (D:\nodejs\egg-example\node_modules\co\index.js:99:29)
    at onFulfilled (D:\nodejs\egg-example\node_modules\co\index.js:69:7)
    at D:\nodejs\egg-example\node_modules\co\index.js:54:5
    at Object.co (D:\nodejs\egg-example\node_modules\co\index.js:50:10)

pid: 5248
hostname: yf021

2017-03-28 21:47:06,127 ERROR 5248 [-/127.0.0.1/-/3ms GET /news] nodejs.TypeError: Cannot read property 'list' of undefined
    at NewsController.list (D:\nodejs\egg-example\app\controller\news.js:8:41)
    at next (native)
    at onFulfilled (D:\nodejs\egg-example\node_modules\co\index.js:65:19)
    at D:\nodejs\egg-example\node_modules\co\index.js:54:5
    at Object.co (D:\nodejs\egg-example\node_modules\co\index.js:50:10)
    at Object.toPromise (D:\nodejs\egg-example\node_modules\co\index.js:118:63)
    at next (D:\nodejs\egg-example\node_modules\co\index.js:99:29)
    at onFulfilled (D:\nodejs\egg-example\node_modules\co\index.js:69:7)
    at D:\nodejs\egg-example\node_modules\co\index.js:54:5
    at Object.co (D:\nodejs\egg-example\node_modules\co\index.js:50:10)

pid: 5248
hostname: yf021

2017-03-28 21:47:07,416 ERROR 5248 [-/127.0.0.1/-/3ms GET /news] nodejs.TypeError: Cannot read property 'list' of undefined
    at NewsController.list (D:\nodejs\egg-example\app\controller\news.js:8:41)
    at next (native)
    at onFulfilled (D:\nodejs\egg-example\node_modules\co\index.js:65:19)
    at D:\nodejs\egg-example\node_modules\co\index.js:54:5
    at Object.co (D:\nodejs\egg-example\node_modules\co\index.js:50:10)
    at Object.toPromise (D:\nodejs\egg-example\node_modules\co\index.js:118:63)
    at next (D:\nodejs\egg-example\node_modules\co\index.js:99:29)
    at onFulfilled (D:\nodejs\egg-example\node_modules\co\index.js:69:7)
    at D:\nodejs\egg-example\node_modules\co\index.js:54:5
    at Object.co (D:\nodejs\egg-example\node_modules\co\index.js:50:10)

pid: 5248
hostname: yf021

2017-03-28 21:47:08,342 ERROR 5248 [-/127.0.0.1/-/3ms GET /news] nodejs.TypeError: Cannot read property 'list' of undefined
    at NewsController.list (D:\nodejs\egg-example\app\controller\news.js:8:41)
    at next (native)
    at onFulfilled (D:\nodejs\egg-example\node_modules\co\index.js:65:19)
    at D:\nodejs\egg-example\node_modules\co\index.js:54:5
    at Object.co (D:\nodejs\egg-example\node_modules\co\index.js:50:10)
    at Object.toPromise (D:\nodejs\egg-example\node_modules\co\index.js:118:63)
    at next (D:\nodejs\egg-example\node_modules\co\index.js:99:29)
    at onFulfilled (D:\nodejs\egg-example\node_modules\co\index.js:69:7)
    at D:\nodejs\egg-example\node_modules\co\index.js:54:5
    at Object.co (D:\nodejs\egg-example\node_modules\co\index.js:50:10)

pid: 5248
hostname: yf021

2017-03-28 21:47:19,068 ERROR 8708 [-/127.0.0.1/-/9ms GET /news] nodejs.TypeError: Cannot read property 'list' of undefined
    at NewsController.list (D:\nodejs\egg-example\app\controller\news.js:8:41)
    at next (native)
    at onFulfilled (D:\nodejs\egg-example\node_modules\co\index.js:65:19)
    at D:\nodejs\egg-example\node_modules\co\index.js:54:5
    at Object.co (D:\nodejs\egg-example\node_modules\co\index.js:50:10)
    at Object.toPromise (D:\nodejs\egg-example\node_modules\co\index.js:118:63)
    at next (D:\nodejs\egg-example\node_modules\co\index.js:99:29)
    at onFulfilled (D:\nodejs\egg-example\node_modules\co\index.js:69:7)
    at D:\nodejs\egg-example\node_modules\co\index.js:54:5
    at Object.co (D:\nodejs\egg-example\node_modules\co\index.js:50:10)

pid: 8708
hostname: yf021

2017-03-28 21:47:45,354 ERROR 5524 nodejs.unhandledExceptionError: read ECONNRESET
    at exports._errnoException (util.js:1022:11)
    at TCP.onread (net.js:569:26)
code: 'ECONNRESET'
errno: 'ECONNRESET'
syscall: 'read'
name: 'unhandledExceptionError'
pid: 5524
hostname: yf021

2017-03-28 21:47:45,357 ERROR 5524 nodejs.ECONNRESETError: read ECONNRESET
    at exports._errnoException (util.js:1022:11)
    at TCP.onread (net.js:569:26)
code: 'ECONNRESET'
errno: 'ECONNRESET'
syscall: 'read'
name: 'ECONNRESETError'
pid: 5524
hostname: yf021

2017-03-28 21:47:49,988 ERROR 5524 nodejs.unhandledExceptionError: read ECONNRESET
    at exports._errnoException (util.js:1022:11)
    at TCP.onread (net.js:569:26)
code: 'ECONNRESET'
errno: 'ECONNRESET'
syscall: 'read'
name: 'unhandledExceptionError'
pid: 5524
hostname: yf021

2017-03-28 21:47:49,990 ERROR 5524 nodejs.ECONNRESETError: read ECONNRESET
    at exports._errnoException (util.js:1022:11)
    at TCP.onread (net.js:569:26)
code: 'ECONNRESET'
errno: 'ECONNRESET'
syscall: 'read'
name: 'ECONNRESETError'
pid: 5524
hostname: yf021

2017-03-28 21:47:56,273 ERROR 8936 [-/127.0.0.1/-/2612ms GET /news] nodejs.ReferenceError: newsList is not defined
    at NewsController.list (D:\nodejs\egg-example\app\controller\news.js:10:44)
    at next (native)
    at onFulfilled (D:\nodejs\egg-example\node_modules\co\index.js:65:19)
    at process._tickCallback (internal/process/next_tick.js:103:7)

pid: 8936
hostname: yf021

2017-03-28 21:48:12,560 ERROR 5524 nodejs.unhandledExceptionError: read ECONNRESET
    at exports._errnoException (util.js:1022:11)
    at TCP.onread (net.js:569:26)
code: 'ECONNRESET'
errno: 'ECONNRESET'
syscall: 'read'
name: 'unhandledExceptionError'
pid: 5524
hostname: yf021

2017-03-28 21:48:12,562 ERROR 5524 nodejs.ECONNRESETError: read ECONNRESET
    at exports._errnoException (util.js:1022:11)
    at TCP.onread (net.js:569:26)
code: 'ECONNRESET'
errno: 'ECONNRESET'
syscall: 'read'
name: 'ECONNRESETError'
pid: 5524
hostname: yf021

2017-03-28 21:49:48,925 ERROR 5524 nodejs.unhandledExceptionError: read ECONNRESET
    at exports._errnoException (util.js:1022:11)
    at TCP.onread (net.js:569:26)
code: 'ECONNRESET'
errno: 'ECONNRESET'
syscall: 'read'
name: 'unhandledExceptionError'
pid: 5524
hostname: yf021

2017-03-28 21:49:48,925 ERROR 5524 nodejs.ECONNRESETError: read ECONNRESET
    at exports._errnoException (util.js:1022:11)
    at TCP.onread (net.js:569:26)
code: 'ECONNRESET'
errno: 'ECONNRESET'
syscall: 'read'
name: 'ECONNRESETError'
pid: 5524
hostname: yf021

