2017-03-28 21:10:04,584 INFO 8764 [egg:logger] init all loggers with options: {"dir":"D:\\nodejs\\egg-example\\logs\\egg-example","encoding":"utf8","env":"local","level":"DEBUG","consoleLevel":"INFO","outputJSON":false,"buffer":false,"appLogName":"egg-example-web.log","coreLogName":"egg-web.log","agentLogName":"egg-agent.log","errorLogName":"common-error.log","coreLogger":{"consoleLevel":"WARN"},"type":"application"}
2017-03-28 21:10:04,622 INFO 8764 [egg-schedule]: register schedule egg-schedule:D:\nodejs\egg-example\node_modules\egg-logrotator\app\schedule\clean_log.js
2017-03-28 21:10:04,622 INFO 8764 [egg-schedule]: register schedule egg-schedule:D:\nodejs\egg-example\node_modules\egg-logrotator\app\schedule\rotate_by_file.js
2017-03-28 21:10:04,660 INFO 8764 [egg-static] starting static serve /public/ -> D:\nodejs\egg-example\app\public
2017-03-28 21:10:04,664 INFO 8764 [egg-security] use csrf middleware
2017-03-28 21:10:04,665 INFO 8764 [egg-security] use methodnoallow middleware
2017-03-28 21:10:04,665 INFO 8764 [egg-security] use noopen middleware
2017-03-28 21:10:04,666 INFO 8764 [egg-security] use nosniff middleware
2017-03-28 21:10:04,666 INFO 8764 [egg-security] use xssProtection middleware
2017-03-28 21:10:04,666 INFO 8764 [egg-security] use xframe middleware
2017-03-28 21:10:04,667 INFO 8764 [egg-security] compose 6 middlewares into one security middleware
2017-03-28 21:10:04,687 INFO 8764 [ClusterClient#Watcher] gives up seizing port 56443, and serves as follower client.
2017-03-28 21:10:04,705 INFO 8764 [Follower#Watcher] register to channel: Watcher success
2017-03-28 21:10:04,705 INFO 8764 [egg-watcher:app] watcher start success
2017-03-28 21:17:58,542 INFO 5484 [egg:logger] init all loggers with options: {"dir":"D:\\nodejs\\egg-example\\logs\\egg-example","encoding":"utf8","env":"local","level":"DEBUG","consoleLevel":"INFO","outputJSON":false,"buffer":false,"appLogName":"egg-example-web.log","coreLogName":"egg-web.log","agentLogName":"egg-agent.log","errorLogName":"common-error.log","coreLogger":{"consoleLevel":"WARN"},"type":"application"}
2017-03-28 21:17:58,579 INFO 5484 [egg-schedule]: register schedule egg-schedule:D:\nodejs\egg-example\node_modules\egg-logrotator\app\schedule\clean_log.js
2017-03-28 21:17:58,579 INFO 5484 [egg-schedule]: register schedule egg-schedule:D:\nodejs\egg-example\node_modules\egg-logrotator\app\schedule\rotate_by_file.js
2017-03-28 21:17:58,626 INFO 5484 [egg-static] starting static serve /public/ -> D:\nodejs\egg-example\app\public
2017-03-28 21:17:58,629 INFO 5484 [egg-security] use csrf middleware
2017-03-28 21:17:58,629 INFO 5484 [egg-security] use methodnoallow middleware
2017-03-28 21:17:58,630 INFO 5484 [egg-security] use noopen middleware
2017-03-28 21:17:58,630 INFO 5484 [egg-security] use nosniff middleware
2017-03-28 21:17:58,631 INFO 5484 [egg-security] use xssProtection middleware
2017-03-28 21:17:58,631 INFO 5484 [egg-security] use xframe middleware
2017-03-28 21:17:58,631 INFO 5484 [egg-security] compose 6 middlewares into one security middleware
2017-03-28 21:17:58,655 INFO 5484 [ClusterClient#Watcher] gives up seizing port 56545, and serves as follower client.
2017-03-28 21:17:58,662 INFO 5484 [Follower#Watcher] register to channel: Watcher success
2017-03-28 21:17:58,662 INFO 5484 [egg-watcher:app] watcher start success
2017-03-28 21:18:07,266 INFO 5484 [egg-view-nunjucks] loading templates from ["D:\\nodejs\\egg-example\\app\\view"]
2017-03-28 21:19:01,707 INFO 6644 [egg:logger] init all loggers with options: {"dir":"D:\\nodejs\\egg-example\\logs\\egg-example","encoding":"utf8","env":"local","level":"DEBUG","consoleLevel":"INFO","outputJSON":false,"buffer":false,"appLogName":"egg-example-web.log","coreLogName":"egg-web.log","agentLogName":"egg-agent.log","errorLogName":"common-error.log","coreLogger":{"consoleLevel":"WARN"},"type":"application"}
2017-03-28 21:19:01,745 INFO 6644 [egg-schedule]: register schedule egg-schedule:D:\nodejs\egg-example\node_modules\egg-logrotator\app\schedule\clean_log.js
2017-03-28 21:19:01,746 INFO 6644 [egg-schedule]: register schedule egg-schedule:D:\nodejs\egg-example\node_modules\egg-logrotator\app\schedule\rotate_by_file.js
2017-03-28 21:19:01,785 INFO 6644 [egg-static] starting static serve /public/ -> D:\nodejs\egg-example\app\public
2017-03-28 21:19:01,787 INFO 6644 [egg-security] use csrf middleware
2017-03-28 21:19:01,788 INFO 6644 [egg-security] use methodnoallow middleware
2017-03-28 21:19:01,788 INFO 6644 [egg-security] use noopen middleware
2017-03-28 21:19:01,789 INFO 6644 [egg-security] use nosniff middleware
2017-03-28 21:19:01,789 INFO 6644 [egg-security] use xssProtection middleware
2017-03-28 21:19:01,790 INFO 6644 [egg-security] use xframe middleware
2017-03-28 21:19:01,790 INFO 6644 [egg-security] compose 6 middlewares into one security middleware
2017-03-28 21:19:01,814 INFO 6644 [ClusterClient#Watcher] gives up seizing port 56545, and serves as follower client.
2017-03-28 21:19:01,820 INFO 6644 [Follower#Watcher] register to channel: Watcher success
2017-03-28 21:19:01,820 INFO 6644 [egg-watcher:app] watcher start success
2017-03-28 21:19:08,995 INFO 6644 [egg-view-nunjucks] loading templates from ["D:\\nodejs\\egg-example\\app\\view"]
2017-03-28 21:44:25,157 INFO 6140 [egg:logger] init all loggers with options: {"dir":"D:\\nodejs\\egg-example\\logs\\egg-example","encoding":"utf8","env":"local","level":"DEBUG","consoleLevel":"INFO","outputJSON":false,"buffer":false,"appLogName":"egg-example-web.log","coreLogName":"egg-web.log","agentLogName":"egg-agent.log","errorLogName":"common-error.log","coreLogger":{"consoleLevel":"WARN"},"type":"application"}
2017-03-28 21:44:25,194 INFO 6140 [egg-schedule]: register schedule egg-schedule:D:\nodejs\egg-example\node_modules\egg-logrotator\app\schedule\clean_log.js
2017-03-28 21:44:25,194 INFO 6140 [egg-schedule]: register schedule egg-schedule:D:\nodejs\egg-example\node_modules\egg-logrotator\app\schedule\rotate_by_file.js
2017-03-28 21:44:25,239 INFO 6140 [egg-static] starting static serve /public/ -> D:\nodejs\egg-example\app\public
2017-03-28 21:44:25,241 INFO 6140 [egg-security] use csrf middleware
2017-03-28 21:44:25,242 INFO 6140 [egg-security] use methodnoallow middleware
2017-03-28 21:44:25,243 INFO 6140 [egg-security] use noopen middleware
2017-03-28 21:44:25,243 INFO 6140 [egg-security] use nosniff middleware
2017-03-28 21:44:25,244 INFO 6140 [egg-security] use xssProtection middleware
2017-03-28 21:44:25,244 INFO 6140 [egg-security] use xframe middleware
2017-03-28 21:44:25,244 INFO 6140 [egg-security] compose 6 middlewares into one security middleware
2017-03-28 21:44:25,268 INFO 6140 [ClusterClient#Watcher] gives up seizing port 57265, and serves as follower client.
2017-03-28 21:44:25,279 INFO 6140 [Follower#Watcher] register to channel: Watcher success
2017-03-28 21:44:25,279 INFO 6140 [egg-watcher:app] watcher start success
2017-03-28 21:44:37,711 INFO 5028 [egg:logger] init all loggers with options: {"dir":"D:\\nodejs\\egg-example\\logs\\egg-example","encoding":"utf8","env":"local","level":"DEBUG","consoleLevel":"INFO","outputJSON":false,"buffer":false,"appLogName":"egg-example-web.log","coreLogName":"egg-web.log","agentLogName":"egg-agent.log","errorLogName":"common-error.log","coreLogger":{"consoleLevel":"WARN"},"type":"application"}
2017-03-28 21:44:37,750 INFO 5028 [egg-schedule]: register schedule egg-schedule:D:\nodejs\egg-example\node_modules\egg-logrotator\app\schedule\clean_log.js
2017-03-28 21:44:37,750 INFO 5028 [egg-schedule]: register schedule egg-schedule:D:\nodejs\egg-example\node_modules\egg-logrotator\app\schedule\rotate_by_file.js
2017-03-28 21:44:37,799 INFO 5028 [egg-static] starting static serve /public/ -> D:\nodejs\egg-example\app\public
2017-03-28 21:44:37,801 INFO 5028 [egg-security] use csrf middleware
2017-03-28 21:44:37,801 INFO 5028 [egg-security] use methodnoallow middleware
2017-03-28 21:44:37,803 INFO 5028 [egg-security] use noopen middleware
2017-03-28 21:44:37,804 INFO 5028 [egg-security] use nosniff middleware
2017-03-28 21:44:37,804 INFO 5028 [egg-security] use xssProtection middleware
2017-03-28 21:44:37,805 INFO 5028 [egg-security] use xframe middleware
2017-03-28 21:44:37,805 INFO 5028 [egg-security] compose 6 middlewares into one security middleware
2017-03-28 21:44:37,835 INFO 5028 [ClusterClient#Watcher] gives up seizing port 57265, and serves as follower client.
2017-03-28 21:44:37,840 INFO 5028 [Follower#Watcher] register to channel: Watcher success
2017-03-28 21:44:37,840 INFO 5028 [egg-watcher:app] watcher start success
2017-03-28 21:46:29,327 INFO 5248 [egg:logger] init all loggers with options: {"dir":"D:\\nodejs\\egg-example\\logs\\egg-example","encoding":"utf8","env":"local","level":"DEBUG","consoleLevel":"INFO","outputJSON":false,"buffer":false,"appLogName":"egg-example-web.log","coreLogName":"egg-web.log","agentLogName":"egg-agent.log","errorLogName":"common-error.log","coreLogger":{"consoleLevel":"WARN"},"type":"application"}
2017-03-28 21:46:29,366 INFO 5248 [egg-schedule]: register schedule egg-schedule:D:\nodejs\egg-example\node_modules\egg-logrotator\app\schedule\clean_log.js
2017-03-28 21:46:29,366 INFO 5248 [egg-schedule]: register schedule egg-schedule:D:\nodejs\egg-example\node_modules\egg-logrotator\app\schedule\rotate_by_file.js
2017-03-28 21:46:29,407 INFO 5248 [egg-static] starting static serve /public/ -> D:\nodejs\egg-example\app\public
2017-03-28 21:46:29,409 INFO 5248 [egg-security] use csrf middleware
2017-03-28 21:46:29,410 INFO 5248 [egg-security] use methodnoallow middleware
2017-03-28 21:46:29,411 INFO 5248 [egg-security] use noopen middleware
2017-03-28 21:46:29,411 INFO 5248 [egg-security] use nosniff middleware
2017-03-28 21:46:29,412 INFO 5248 [egg-security] use xssProtection middleware
2017-03-28 21:46:29,412 INFO 5248 [egg-security] use xframe middleware
2017-03-28 21:46:29,412 INFO 5248 [egg-security] compose 6 middlewares into one security middleware
2017-03-28 21:46:29,438 INFO 5248 [ClusterClient#Watcher] gives up seizing port 57265, and serves as follower client.
2017-03-28 21:46:29,445 INFO 5248 [Follower#Watcher] register to channel: Watcher success
2017-03-28 21:46:29,445 INFO 5248 [egg-watcher:app] watcher start success
2017-03-28 21:47:17,129 INFO 8708 [egg:logger] init all loggers with options: {"dir":"D:\\nodejs\\egg-example\\logs\\egg-example","encoding":"utf8","env":"local","level":"DEBUG","consoleLevel":"INFO","outputJSON":false,"buffer":false,"appLogName":"egg-example-web.log","coreLogName":"egg-web.log","agentLogName":"egg-agent.log","errorLogName":"common-error.log","coreLogger":{"consoleLevel":"WARN"},"type":"application"}
2017-03-28 21:47:17,165 INFO 8708 [egg-schedule]: register schedule egg-schedule:D:\nodejs\egg-example\node_modules\egg-logrotator\app\schedule\clean_log.js
2017-03-28 21:47:17,165 INFO 8708 [egg-schedule]: register schedule egg-schedule:D:\nodejs\egg-example\node_modules\egg-logrotator\app\schedule\rotate_by_file.js
2017-03-28 21:47:17,203 INFO 8708 [egg-static] starting static serve /public/ -> D:\nodejs\egg-example\app\public
2017-03-28 21:47:17,205 INFO 8708 [egg-security] use csrf middleware
2017-03-28 21:47:17,206 INFO 8708 [egg-security] use methodnoallow middleware
2017-03-28 21:47:17,207 INFO 8708 [egg-security] use noopen middleware
2017-03-28 21:47:17,207 INFO 8708 [egg-security] use nosniff middleware
2017-03-28 21:47:17,207 INFO 8708 [egg-security] use xssProtection middleware
2017-03-28 21:47:17,208 INFO 8708 [egg-security] use xframe middleware
2017-03-28 21:47:17,208 INFO 8708 [egg-security] compose 6 middlewares into one security middleware
2017-03-28 21:47:17,235 INFO 8708 [ClusterClient#Watcher] gives up seizing port 57307, and serves as follower client.
2017-03-28 21:47:17,242 INFO 8708 [Follower#Watcher] register to channel: Watcher success
2017-03-28 21:47:17,242 INFO 8708 [egg-watcher:app] watcher start success
2017-03-28 21:47:45,140 INFO 5736 [egg:logger] init all loggers with options: {"dir":"D:\\nodejs\\egg-example\\logs\\egg-example","encoding":"utf8","env":"local","level":"DEBUG","consoleLevel":"INFO","outputJSON":false,"buffer":false,"appLogName":"egg-example-web.log","coreLogName":"egg-web.log","agentLogName":"egg-agent.log","errorLogName":"common-error.log","coreLogger":{"consoleLevel":"WARN"},"type":"application"}
2017-03-28 21:47:45,177 INFO 5736 [egg-schedule]: register schedule egg-schedule:D:\nodejs\egg-example\node_modules\egg-logrotator\app\schedule\clean_log.js
2017-03-28 21:47:45,177 INFO 5736 [egg-schedule]: register schedule egg-schedule:D:\nodejs\egg-example\node_modules\egg-logrotator\app\schedule\rotate_by_file.js
2017-03-28 21:47:45,215 INFO 5736 [egg-static] starting static serve /public/ -> D:\nodejs\egg-example\app\public
2017-03-28 21:47:45,218 INFO 5736 [egg-security] use csrf middleware
2017-03-28 21:47:45,218 INFO 5736 [egg-security] use methodnoallow middleware
2017-03-28 21:47:45,219 INFO 5736 [egg-security] use noopen middleware
2017-03-28 21:47:45,219 INFO 5736 [egg-security] use nosniff middleware
2017-03-28 21:47:45,220 INFO 5736 [egg-security] use xssProtection middleware
2017-03-28 21:47:45,220 INFO 5736 [egg-security] use xframe middleware
2017-03-28 21:47:45,221 INFO 5736 [egg-security] compose 6 middlewares into one security middleware
2017-03-28 21:47:45,245 INFO 5736 [ClusterClient#Watcher] gives up seizing port 57307, and serves as follower client.
2017-03-28 21:47:45,250 INFO 5736 [Follower#Watcher] register to channel: Watcher success
2017-03-28 21:47:45,251 INFO 5736 [egg-watcher:app] watcher start success
2017-03-28 21:47:49,868 INFO 8936 [egg:logger] init all loggers with options: {"dir":"D:\\nodejs\\egg-example\\logs\\egg-example","encoding":"utf8","env":"local","level":"DEBUG","consoleLevel":"INFO","outputJSON":false,"buffer":false,"appLogName":"egg-example-web.log","coreLogName":"egg-web.log","agentLogName":"egg-agent.log","errorLogName":"common-error.log","coreLogger":{"consoleLevel":"WARN"},"type":"application"}
2017-03-28 21:47:49,906 INFO 8936 [egg-schedule]: register schedule egg-schedule:D:\nodejs\egg-example\node_modules\egg-logrotator\app\schedule\clean_log.js
2017-03-28 21:47:49,906 INFO 8936 [egg-schedule]: register schedule egg-schedule:D:\nodejs\egg-example\node_modules\egg-logrotator\app\schedule\rotate_by_file.js
2017-03-28 21:47:49,947 INFO 8936 [egg-static] starting static serve /public/ -> D:\nodejs\egg-example\app\public
2017-03-28 21:47:49,950 INFO 8936 [egg-security] use csrf middleware
2017-03-28 21:47:49,950 INFO 8936 [egg-security] use methodnoallow middleware
2017-03-28 21:47:49,951 INFO 8936 [egg-security] use noopen middleware
2017-03-28 21:47:49,951 INFO 8936 [egg-security] use nosniff middleware
2017-03-28 21:47:49,952 INFO 8936 [egg-security] use xssProtection middleware
2017-03-28 21:47:49,952 INFO 8936 [egg-security] use xframe middleware
2017-03-28 21:47:49,953 INFO 8936 [egg-security] compose 6 middlewares into one security middleware
2017-03-28 21:47:49,977 INFO 8936 [ClusterClient#Watcher] gives up seizing port 57307, and serves as follower client.
2017-03-28 21:47:49,989 INFO 8936 [Follower#Watcher] register to channel: Watcher success
2017-03-28 21:47:49,989 INFO 8936 [egg-watcher:app] watcher start success
2017-03-28 21:48:12,347 INFO 9048 [egg:logger] init all loggers with options: {"dir":"D:\\nodejs\\egg-example\\logs\\egg-example","encoding":"utf8","env":"local","level":"DEBUG","consoleLevel":"INFO","outputJSON":false,"buffer":false,"appLogName":"egg-example-web.log","coreLogName":"egg-web.log","agentLogName":"egg-agent.log","errorLogName":"common-error.log","coreLogger":{"consoleLevel":"WARN"},"type":"application"}
2017-03-28 21:48:12,385 INFO 9048 [egg-schedule]: register schedule egg-schedule:D:\nodejs\egg-example\node_modules\egg-logrotator\app\schedule\clean_log.js
2017-03-28 21:48:12,385 INFO 9048 [egg-schedule]: register schedule egg-schedule:D:\nodejs\egg-example\node_modules\egg-logrotator\app\schedule\rotate_by_file.js
2017-03-28 21:48:12,426 INFO 9048 [egg-static] starting static serve /public/ -> D:\nodejs\egg-example\app\public
2017-03-28 21:48:12,428 INFO 9048 [egg-security] use csrf middleware
2017-03-28 21:48:12,429 INFO 9048 [egg-security] use methodnoallow middleware
2017-03-28 21:48:12,430 INFO 9048 [egg-security] use noopen middleware
2017-03-28 21:48:12,430 INFO 9048 [egg-security] use nosniff middleware
2017-03-28 21:48:12,431 INFO 9048 [egg-security] use xssProtection middleware
2017-03-28 21:48:12,431 INFO 9048 [egg-security] use xframe middleware
2017-03-28 21:48:12,431 INFO 9048 [egg-security] compose 6 middlewares into one security middleware
2017-03-28 21:48:12,457 INFO 9048 [ClusterClient#Watcher] gives up seizing port 57307, and serves as follower client.
2017-03-28 21:48:12,462 INFO 9048 [Follower#Watcher] register to channel: Watcher success
2017-03-28 21:48:12,462 INFO 9048 [egg-watcher:app] watcher start success
2017-03-28 21:48:18,513 INFO 9048 [egg-view-nunjucks] loading templates from ["D:\\nodejs\\egg-example\\app\\view"]
2017-03-28 21:49:48,713 INFO 3200 [egg:logger] init all loggers with options: {"dir":"D:\\nodejs\\egg-example\\logs\\egg-example","encoding":"utf8","env":"local","level":"DEBUG","consoleLevel":"INFO","outputJSON":false,"buffer":false,"appLogName":"egg-example-web.log","coreLogName":"egg-web.log","agentLogName":"egg-agent.log","errorLogName":"common-error.log","coreLogger":{"consoleLevel":"WARN"},"type":"application"}
2017-03-28 21:49:48,751 INFO 3200 [egg-schedule]: register schedule egg-schedule:D:\nodejs\egg-example\node_modules\egg-logrotator\app\schedule\clean_log.js
2017-03-28 21:49:48,751 INFO 3200 [egg-schedule]: register schedule egg-schedule:D:\nodejs\egg-example\node_modules\egg-logrotator\app\schedule\rotate_by_file.js
2017-03-28 21:49:48,792 INFO 3200 [egg-static] starting static serve /public/ -> D:\nodejs\egg-example\app\public
2017-03-28 21:49:48,794 INFO 3200 [egg-security] use csrf middleware
2017-03-28 21:49:48,795 INFO 3200 [egg-security] use methodnoallow middleware
2017-03-28 21:49:48,795 INFO 3200 [egg-security] use noopen middleware
2017-03-28 21:49:48,796 INFO 3200 [egg-security] use nosniff middleware
2017-03-28 21:49:48,796 INFO 3200 [egg-security] use xssProtection middleware
2017-03-28 21:49:48,797 INFO 3200 [egg-security] use xframe middleware
2017-03-28 21:49:48,797 INFO 3200 [egg-security] compose 6 middlewares into one security middleware
2017-03-28 21:49:48,821 INFO 3200 [ClusterClient#Watcher] gives up seizing port 57307, and serves as follower client.
2017-03-28 21:49:48,826 INFO 3200 [Follower#Watcher] register to channel: Watcher success
2017-03-28 21:49:48,826 INFO 3200 [egg-watcher:app] watcher start success
2017-03-28 21:49:57,717 INFO 3200 [egg-view-nunjucks] loading templates from ["D:\\nodejs\\egg-example\\app\\view"]
